<?xml version="1.0" encoding="UTF-8"?>
<testsuite name="com.nemesis.detection.HealthMonitorServiceTest" tests="5" skipped="0" failures="0" errors="0" timestamp="2026-06-12T03:41:22" hostname="f57b58bc0707" time="3.576">
  <properties/>
  <testcase name="CPU_임계_초과시_경고_이벤트가_한번_발생한다()" classname="com.nemesis.detection.HealthMonitorServiceTest" time="3.355"/>
  <testcase name="정상_보고_노드는_active를_유지한다()" classname="com.nemesis.detection.HealthMonitorServiceTest" time="0.03"/>
  <testcase name="무응답_노드는_fault로_전이되고_이벤트가_기록된다()" classname="com.nemesis.detection.HealthMonitorServiceTest" time="0.075"/>
  <testcase name="fault_노드가_다시_보고하면_standby로_복구된다()" classname="com.nemesis.detection.HealthMonitorServiceTest" time="0.04"/>
  <testcase name="recovering_노드는_감지_엔진이_건드리지_않는다()" classname="com.nemesis.detection.HealthMonitorServiceTest" time="0.025"/>
  <system-out><![CDATA[2026-06-12T03:41:26.242Z  WARN 158 --- [    Test worker] c.n.detection.HealthMonitorService       : 노드 Fault 판정: server01 (마지막 보고 60초 전)
2026-06-12T03:41:26.298Z  INFO 158 --- [    Test worker] c.n.detection.HealthMonitorService       : 노드 복구: server01 → standby
]]></system-out>
  <system-err><![CDATA[]]></system-err>
</testsuite>
