<?xml version="1.0" encoding="UTF-8"?>
<testsuite name="com.nemesis.failover.FailoverOrchestratorTest" tests="5" skipped="0" failures="0" errors="0" timestamp="2026-06-12T03:41:26" hostname="f57b58bc0707" time="1.781">
  <properties/>
  <testcase name="수동_페일오버는_핑퐁가드를_면제받는다()" classname="com.nemesis.failover.FailoverOrchestratorTest" time="1.366"/>
  <testcase name="핑퐁가드_최근_페일오버시_보류된다()" classname="com.nemesis.failover.FailoverOrchestratorTest" time="0.092"/>
  <testcase name="감지트리거_정상_페일오버로_역할이_전이된다()" classname="com.nemesis.failover.FailoverOrchestratorTest" time="0.131"/>
  <testcase name="VIP인수_실패시_대상이_standby로_롤백되고_FAILED로_기록된다()" classname="com.nemesis.failover.FailoverOrchestratorTest" time="0.058"/>
  <testcase name="생존_standby_없으면_보류된다()" classname="com.nemesis.failover.FailoverOrchestratorTest" time="0.045"/>
  <system-out><![CDATA[2026-06-12T03:41:27.719Z  WARN 158 --- [    Test worker] c.n.d.failover.FailoverOrchestrator      : 페일오버 성공: act → sby (트리거=MANUAL, vip=10.0.0.100)
2026-06-12T03:41:27.869Z  INFO 158 --- [    Test worker] c.n.d.failover.FailoverOrchestrator      : 페일오버 보류: 핑퐁 가드: 최근 페일오버 후 10s < 180s (cluster=c1)
2026-06-12T03:41:28.004Z  WARN 158 --- [    Test worker] c.n.d.failover.FailoverOrchestrator      : 페일오버 성공: act → sby (트리거=DETECTION, vip=10.0.0.100)
2026-06-12T03:41:28.143Z  INFO 158 --- [    Test worker] c.n.d.failover.FailoverOrchestrator      : 페일오버 보류: 대상 standby가 생존하지 않습니다: sby (cluster=c1)
]]></system-out>
  <system-err><![CDATA[]]></system-err>
</testsuite>
